# JRE version: Java(TM) SE Runtime Environment (11.0.2+9) (build 11.0.2+9-LTS)
# Java VM: Java HotSpot(TM) 64-Bit Server VM (11.0.2+9-LTS, mixed mode, tiered, compressed oops, g1 gc, linux-amd64)
Heap:
 garbage-first heap   total 150528K, used 126309K [0x0000000087600000, 0x0000000100000000)
  region size 1024K, 38 young (38912K), 1 survivors (1024K)
 Metaspace       used 43857K, capacity 45236K, committed 45568K, reserved 1089536K
  class space    used 5244K, capacity 5810K, committed 5888K, reserved 1048576K
GC Heap History (10 events):
Event: 1,233 GC heap before
{Heap before GC invocations=5 (full 0):
 garbage-first heap   total 124928K, used 85523K [0x0000000087600000, 0x0000000100000000)
  region size 1024K, 22 young (22528K), 2 survivors (2048K)
 Metaspace       used 18753K, capacity 19513K, committed 19712K, reserved 1067008K
  class space    used 2016K, capacity 2297K, committed 2304K, reserved 1048576K
}
Event: 1,235 GC heap after
{Heap after GC invocations=6 (full 0):
 garbage-first heap   total 124928K, used 66111K [0x0000000087600000, 0x0000000100000000)
  region size 1024K, 2 young (2048K), 2 survivors (2048K)
 Metaspace       used 18753K, capacity 19513K, committed 19712K, reserved 1067008K
  class space    used 2016K, capacity 2297K, committed 2304K, reserved 1048576K
}
Event: 1,558 GC heap before
{Heap before GC invocations=7 (full 0):
 garbage-first heap   total 124928K, used 112191K [0x0000000087600000, 0x0000000100000000)
  region size 1024K, 29 young (29696K), 2 survivors (2048K)
 Metaspace       used 23104K, capacity 23825K, committed 24064K, reserved 1071104K
  class space    used 2506K, capacity 2793K, committed 2816K, reserved 1048576K
}
Event: 1,561 GC heap after
{Heap after GC invocations=8 (full 0):
 garbage-first heap   total 124928K, used 46668K [0x0000000087600000, 0x0000000100000000)
  region size 1024K, 3 young (3072K), 3 survivors (3072K)
 Metaspace       used 23104K, capacity 23825K, committed 24064K, reserved 1071104K
  class space    used 2506K, capacity 2793K, committed 2816K, reserved 1048576K
}
Event: 2,145 GC heap before
{Heap before GC invocations=9 (full 0):
 garbage-first heap   total 124928K, used 74316K [0x0000000087600000, 0x0000000100000000)
  region size 1024K, 25 young (25600K), 3 survivors (3072K)
 Metaspace       used 30932K, capacity 31884K, committed 32128K, reserved 1077248K
  class space    used 3499K, capacity 3842K, committed 3968K, reserved 1048576K
}
Event: 2,155 GC heap after
{Heap after GC invocations=10 (full 0):
 garbage-first heap   total 150528K, used 54960K [0x0000000087600000, 0x0000000100000000)
  region size 1024K, 5 young (5120K), 5 survivors (5120K)
 Metaspace       used 30932K, capacity 31884K, committed 32128K, reserved 1077248K
  class space    used 3499K, capacity 3842K, committed 3968K, reserved 1048576K
}
Event: 3,379 GC heap before
{Heap before GC invocations=11 (full 0):
 garbage-first heap   total 150528K, used 119472K [0x0000000087600000, 0x0000000100000000)
  region size 1024K, 49 young (50176K), 5 survivors (5120K)
 Metaspace       used 40332K, capacity 41645K, committed 41856K, reserved 1085440K
  class space    used 4859K, capacity 5426K, committed 5504K, reserved 1048576K
}
Event: 3,392 GC heap after
{Heap after GC invocations=12 (full 0):
 garbage-first heap   total 150528K, used 77677K [0x0000000087600000, 0x0000000100000000)
  region size 1024K, 9 young (9216K), 9 survivors (9216K)
 Metaspace       used 40332K, capacity 41645K, committed 41856K, reserved 1085440K
  class space    used 4859K, capacity 5426K, committed 5504K, reserved 1048576K
}
Event: 3,435 GC heap before
{Heap before GC invocations=13 (full 0):
 garbage-first heap   total 150528K, used 95085K [0x0000000087600000, 0x0000000100000000)
  region size 1024K, 10 young (10240K), 9 survivors (9216K)
 Metaspace       used 40345K, capacity 41648K, committed 41856K, reserved 1085440K
  class space    used 4862K, capacity 5427K, committed 5504K, reserved 1048576K
}
Event: 3,447 GC heap after
{Heap after GC invocations=14 (full 0):
 garbage-first heap   total 150528K, used 73061K [0x0000000087600000, 0x0000000100000000)
  region size 1024K, 1 young (1024K), 1 survivors (1024K)
 Metaspace       used 40345K, capacity 41648K, committed 41856K, reserved 1085440K
  class space    used 4862K, capacity 5427K, committed 5504K, reserved 1048576K
}

