# JRE version: Java(TM) SE Runtime Environment (11.0.2+9) (build 11.0.2+9-LTS)
# Java VM: Java HotSpot(TM) 64-Bit Server VM (11.0.2+9-LTS, mixed mode, tiered, compressed oops, g1 gc, linux-amd64)
Heap:
 garbage-first heap   total 150528K, used 122847K [0x0000000087600000, 0x0000000100000000)
  region size 1024K, 34 young (34816K), 1 survivors (1024K)
 Metaspace       used 43682K, capacity 45109K, committed 45312K, reserved 1089536K
  class space    used 5240K, capacity 5811K, committed 5888K, reserved 1048576K
GC Heap History (10 events):
Event: 1,266 GC heap before
{Heap before GC invocations=5 (full 0):
 garbage-first heap   total 124928K, used 85721K [0x0000000087600000, 0x0000000100000000)
  region size 1024K, 22 young (22528K), 2 survivors (2048K)
 Metaspace       used 18769K, capacity 19513K, committed 19712K, reserved 1067008K
  class space    used 2016K, capacity 2297K, committed 2304K, reserved 1048576K
}
Event: 1,269 GC heap after
{Heap after GC invocations=6 (full 0):
 garbage-first heap   total 124928K, used 66273K [0x0000000087600000, 0x0000000100000000)
  region size 1024K, 2 young (2048K), 2 survivors (2048K)
 Metaspace       used 18769K, capacity 19513K, committed 19712K, reserved 1067008K
  class space    used 2016K, capacity 2297K, committed 2304K, reserved 1048576K
}
Event: 1,591 GC heap before
{Heap before GC invocations=7 (full 0):
 garbage-first heap   total 124928K, used 112353K [0x0000000087600000, 0x0000000100000000)
  region size 1024K, 29 young (29696K), 2 survivors (2048K)
 Metaspace       used 23074K, capacity 23793K, committed 24064K, reserved 1071104K
  class space    used 2501K, capacity 2761K, committed 2816K, reserved 1048576K
}
Event: 1,594 GC heap after
{Heap after GC invocations=8 (full 0):
 garbage-first heap   total 150528K, used 46830K [0x0000000087600000, 0x0000000100000000)
  region size 1024K, 3 young (3072K), 3 survivors (3072K)
 Metaspace       used 23074K, capacity 23793K, committed 24064K, reserved 1071104K
  class space    used 2501K, capacity 2761K, committed 2816K, reserved 1048576K
}
Event: 2,194 GC heap before
{Heap before GC invocations=9 (full 0):
 garbage-first heap   total 150528K, used 75502K [0x0000000087600000, 0x0000000100000000)
  region size 1024K, 26 young (26624K), 3 survivors (3072K)
 Metaspace       used 31160K, capacity 32111K, committed 32384K, reserved 1077248K
  class space    used 3531K, capacity 3875K, committed 3968K, reserved 1048576K
}
Event: 2,198 GC heap after
{Heap after GC invocations=10 (full 0):
 garbage-first heap   total 150528K, used 55121K [0x0000000087600000, 0x0000000100000000)
  region size 1024K, 5 young (5120K), 5 survivors (5120K)
 Metaspace       used 31160K, capacity 32111K, committed 32384K, reserved 1077248K
  class space    used 3531K, capacity 3875K, committed 3968K, reserved 1048576K
}
Event: 3,374 GC heap before
{Heap before GC invocations=11 (full 0):
 garbage-first heap   total 150528K, used 120657K [0x0000000087600000, 0x0000000100000000)
  region size 1024K, 50 young (51200K), 5 survivors (5120K)
 Metaspace       used 41429K, capacity 42798K, committed 43008K, reserved 1087488K
  class space    used 5010K, capacity 5554K, committed 5632K, reserved 1048576K
}
Event: 3,387 GC heap after
{Heap after GC invocations=12 (full 0):
 garbage-first heap   total 150528K, used 78113K [0x0000000087600000, 0x0000000100000000)
  region size 1024K, 9 young (9216K), 9 survivors (9216K)
 Metaspace       used 41429K, capacity 42798K, committed 43008K, reserved 1087488K
  class space    used 5010K, capacity 5554K, committed 5632K, reserved 1048576K
}
Event: 3,443 GC heap before
{Heap before GC invocations=13 (full 0):
 garbage-first heap   total 150528K, used 97569K [0x0000000087600000, 0x0000000100000000)
  region size 1024K, 12 young (12288K), 9 survivors (9216K)
 Metaspace       used 41887K, capacity 43259K, committed 43520K, reserved 1087488K
  class space    used 5059K, capacity 5621K, committed 5632K, reserved 1048576K
}
Event: 3,458 GC heap after
{Heap after GC invocations=14 (full 0):
 garbage-first heap   total 150528K, used 73695K [0x0000000087600000, 0x0000000100000000)
  region size 1024K, 1 young (1024K), 1 survivors (1024K)
 Metaspace       used 41887K, capacity 43259K, committed 43520K, reserved 1087488K
  class space    used 5059K, capacity 5621K, committed 5632K, reserved 1048576K
}

